A.medi
B.medi
C.medi
D.medi
E.medi
Eacute.medi
Edh.medi
Eng.medi
Esh.medi
F.medi
G.medi
H.medi
I.medi
Iacute.medi
J.medi
K.medi
L.medi
M.medi
N.medi
O.medi
Oacute.medi
P.medi
R.medi
S.medi
T.medi
Thorn.medi
U.medi
Uacute.medi
Udoubleacute.medi
V.medi
W.medi
Y.medi
Z.medi
Zhed.medi
A.medi
B.medi
C.medi
D.medi
E.medi
Eacute.medi
Edh.medi
Eng.medi
Esh.medi
F.medi
G.medi
H.medi
I.medi
Iacute.medi
J.medi
K.medi
L.medi
M.medi
N.medi
O.medi
Oacute.medi
P.medi
R.medi
S.medi
T.medi
Thorn.medi
U.medi
Uacute.medi
Udoubleacute.medi
V.medi
W.medi
Y.medi
Z.medi
Zhed.medi
A.medi
B.medi
C.medi
D.medi
E.medi
Eacute.medi
Edh.medi
Eng.medi
Esh.medi
F.medi
G.medi
H.medi
I.medi
Iacute.medi
J.medi
K.medi
L.medi
M.medi
N.medi
O.medi
Oacute.medi
P.medi
R.medi
S.medi
T.medi
Thorn.medi
U.medi
Uacute.medi
Udoubleacute.medi
V.medi
W.medi
Y.medi
Z.medi
Expected 'calt' in lookup definition on line 244 of AlphabetD/features.fea
Expected ';' at statement end on line 244 of AlphabetD/features.fea
There were errors when parsing the feature file and the features have not been applied
