Reference to a non-existent glyph name on line 143 of AlphabetD/features.fea: A.medi
No substitution specified on line 143 of AlphabetD/features.fea
Reference to a non-existent glyph name on line 144 of AlphabetD/features.fea: B.medi
No substitution specified on line 144 of AlphabetD/features.fea
Reference to a non-existent glyph name on line 145 of AlphabetD/features.fea: C.medi
No substitution specified on line 145 of AlphabetD/features.fea
Reference to a non-existent glyph name on line 146 of AlphabetD/features.fea: D.medi
No substitution specified on line 146 of AlphabetD/features.fea
Reference to a non-existent glyph name on line 147 of AlphabetD/features.fea: E.medi
No substitution specified on line 147 of AlphabetD/features.fea
Reference to a non-existent glyph name on line 148 of AlphabetD/features.fea: Eacute.medi
No substitution specified on line 148 of AlphabetD/features.fea
Reference to a non-existent glyph name on line 149 of AlphabetD/features.fea: Edh.medi
No substitution specified on line 149 of AlphabetD/features.fea
Reference to a non-existent glyph name on line 150 of AlphabetD/features.fea: Eng.medi
No substitution specified on line 150 of AlphabetD/features.fea
Reference to a non-existent glyph name on line 151 of AlphabetD/features.fea: Esh.medi
No substitution specified on line 151 of AlphabetD/features.fea
Reference to a non-existent glyph name on line 152 of AlphabetD/features.fea: F.medi
No substitution specified on line 152 of AlphabetD/features.fea
Reference to a non-existent glyph name on line 153 of AlphabetD/features.fea: G.medi
No substitution specified on line 153 of AlphabetD/features.fea
Reference to a non-existent glyph name on line 154 of AlphabetD/features.fea: H.medi
No substitution specified on line 154 of AlphabetD/features.fea
Reference to a non-existent glyph name on line 155 of AlphabetD/features.fea: I.medi
No substitution specified on line 155 of AlphabetD/features.fea
Reference to a non-existent glyph name on line 156 of AlphabetD/features.fea: Iacute.medi
No substitution specified on line 156 of AlphabetD/features.fea
Reference to a non-existent glyph name on line 157 of AlphabetD/features.fea: J.medi
No substitution specified on line 157 of AlphabetD/features.fea
Reference to a non-existent glyph name on line 158 of AlphabetD/features.fea: K.medi
No substitution specified on line 158 of AlphabetD/features.fea
Reference to a non-existent glyph name on line 159 of AlphabetD/features.fea: L.medi
No substitution specified on line 159 of AlphabetD/features.fea
Reference to a non-existent glyph name on line 160 of AlphabetD/features.fea: M.medi
No substitution specified on line 160 of AlphabetD/features.fea
Reference to a non-existent glyph name on line 161 of AlphabetD/features.fea: N.medi
No substitution specified on line 161 of AlphabetD/features.fea
Reference to a non-existent glyph name on line 162 of AlphabetD/features.fea: O.medi
No substitution specified on line 162 of AlphabetD/features.fea
Reference to a non-existent glyph name on line 163 of AlphabetD/features.fea: Oacute.medi
No substitution specified on line 163 of AlphabetD/features.fea
Reference to a non-existent glyph name on line 164 of AlphabetD/features.fea: P.medi
No substitution specified on line 164 of AlphabetD/features.fea
Reference to a non-existent glyph name on line 165 of AlphabetD/features.fea: R.medi
No substitution specified on line 165 of AlphabetD/features.fea
Reference to a non-existent glyph name on line 166 of AlphabetD/features.fea: S.medi
No substitution specified on line 166 of AlphabetD/features.fea
Reference to a non-existent glyph name on line 167 of AlphabetD/features.fea: T.medi
No substitution specified on line 167 of AlphabetD/features.fea
Reference to a non-existent glyph name on line 168 of AlphabetD/features.fea: Thorn.medi
No substitution specified on line 168 of AlphabetD/features.fea
Reference to a non-existent glyph name on line 169 of AlphabetD/features.fea: U.medi
No substitution specified on line 169 of AlphabetD/features.fea
Reference to a non-existent glyph name on line 170 of AlphabetD/features.fea: Uacute.medi
No substitution specified on line 170 of AlphabetD/features.fea
Reference to a non-existent glyph name on line 171 of AlphabetD/features.fea: Udoubleacute.medi
No substitution specified on line 171 of AlphabetD/features.fea
Reference to a non-existent glyph name on line 172 of AlphabetD/features.fea: V.medi
No substitution specified on line 172 of AlphabetD/features.fea
Reference to a non-existent glyph name on line 173 of AlphabetD/features.fea: W.medi
No substitution specified on line 173 of AlphabetD/features.fea
Reference to a non-existent glyph name on line 174 of AlphabetD/features.fea: Y.medi
No substitution specified on line 174 of AlphabetD/features.fea
Reference to a non-existent glyph name on line 175 of AlphabetD/features.fea: Z.medi
No substitution specified on line 175 of AlphabetD/features.fea
Reference to a non-existent glyph name on line 176 of AlphabetD/features.fea: Zhed.medi
No substitution specified on line 176 of AlphabetD/features.fea
Reference to a non-existent glyph name on line 177 of AlphabetD/features.fea: A.medi
No substitution specified on line 177 of AlphabetD/features.fea
Reference to a non-existent glyph name on line 178 of AlphabetD/features.fea: B.medi
No substitution specified on line 178 of AlphabetD/features.fea
Reference to a non-existent glyph name on line 179 of AlphabetD/features.fea: C.medi
No substitution specified on line 179 of AlphabetD/features.fea
Reference to a non-existent glyph name on line 180 of AlphabetD/features.fea: D.medi
No substitution specified on line 180 of AlphabetD/features.fea
Reference to a non-existent glyph name on line 181 of AlphabetD/features.fea: E.medi
No substitution specified on line 181 of AlphabetD/features.fea
Reference to a non-existent glyph name on line 182 of AlphabetD/features.fea: Eacute.medi
No substitution specified on line 182 of AlphabetD/features.fea
Reference to a non-existent glyph name on line 183 of AlphabetD/features.fea: Edh.medi
No substitution specified on line 183 of AlphabetD/features.fea
Reference to a non-existent glyph name on line 184 of AlphabetD/features.fea: Eng.medi
No substitution specified on line 184 of AlphabetD/features.fea
Reference to a non-existent glyph name on line 185 of AlphabetD/features.fea: Esh.medi
No substitution specified on line 185 of AlphabetD/features.fea
Reference to a non-existent glyph name on line 186 of AlphabetD/features.fea: F.medi
No substitution specified on line 186 of AlphabetD/features.fea
Reference to a non-existent glyph name on line 187 of AlphabetD/features.fea: G.medi
No substitution specified on line 187 of AlphabetD/features.fea
Reference to a non-existent glyph name on line 188 of AlphabetD/features.fea: H.medi
No substitution specified on line 188 of AlphabetD/features.fea
Reference to a non-existent glyph name on line 189 of AlphabetD/features.fea: I.medi
No substitution specified on line 189 of AlphabetD/features.fea
Reference to a non-existent glyph name on line 190 of AlphabetD/features.fea: Iacute.medi
No substitution specified on line 190 of AlphabetD/features.fea
Reference to a non-existent glyph name on line 191 of AlphabetD/features.fea: J.medi
No substitution specified on line 191 of AlphabetD/features.fea
Reference to a non-existent glyph name on line 192 of AlphabetD/features.fea: K.medi
No substitution specified on line 192 of AlphabetD/features.fea
Reference to a non-existent glyph name on line 193 of AlphabetD/features.fea: L.medi
No substitution specified on line 193 of AlphabetD/features.fea
Reference to a non-existent glyph name on line 194 of AlphabetD/features.fea: M.medi
No substitution specified on line 194 of AlphabetD/features.fea
Reference to a non-existent glyph name on line 195 of AlphabetD/features.fea: N.medi
No substitution specified on line 195 of AlphabetD/features.fea
Reference to a non-existent glyph name on line 196 of AlphabetD/features.fea: O.medi
No substitution specified on line 196 of AlphabetD/features.fea
Reference to a non-existent glyph name on line 197 of AlphabetD/features.fea: Oacute.medi
No substitution specified on line 197 of AlphabetD/features.fea
Reference to a non-existent glyph name on line 198 of AlphabetD/features.fea: P.medi
No substitution specified on line 198 of AlphabetD/features.fea
Reference to a non-existent glyph name on line 199 of AlphabetD/features.fea: R.medi
No substitution specified on line 199 of AlphabetD/features.fea
Reference to a non-existent glyph name on line 200 of AlphabetD/features.fea: S.medi
No substitution specified on line 200 of AlphabetD/features.fea
Reference to a non-existent glyph name on line 201 of AlphabetD/features.fea: T.medi
No substitution specified on line 201 of AlphabetD/features.fea
Reference to a non-existent glyph name on line 202 of AlphabetD/features.fea: Thorn.medi
No substitution specified on line 202 of AlphabetD/features.fea
Reference to a non-existent glyph name on line 203 of AlphabetD/features.fea: U.medi
No substitution specified on line 203 of AlphabetD/features.fea
Reference to a non-existent glyph name on line 204 of AlphabetD/features.fea: Uacute.medi
No substitution specified on line 204 of AlphabetD/features.fea
Reference to a non-existent glyph name on line 205 of AlphabetD/features.fea: Udoubleacute.medi
No substitution specified on line 205 of AlphabetD/features.fea
Reference to a non-existent glyph name on line 206 of AlphabetD/features.fea: V.medi
No substitution specified on line 206 of AlphabetD/features.fea
Reference to a non-existent glyph name on line 207 of AlphabetD/features.fea: W.medi
No substitution specified on line 207 of AlphabetD/features.fea
Reference to a non-existent glyph name on line 208 of AlphabetD/features.fea: Y.medi
No substitution specified on line 208 of AlphabetD/features.fea
Reference to a non-existent glyph name on line 209 of AlphabetD/features.fea: Z.medi
No substitution specified on line 209 of AlphabetD/features.fea
Reference to a non-existent glyph name on line 210 of AlphabetD/features.fea: Zhed.medi
No substitution specified on line 210 of AlphabetD/features.fea
Reference to a non-existent glyph name on line 211 of AlphabetD/features.fea: A.medi
No substitution specified on line 211 of AlphabetD/features.fea
Reference to a non-existent glyph name on line 212 of AlphabetD/features.fea: B.medi
No substitution specified on line 212 of AlphabetD/features.fea
Reference to a non-existent glyph name on line 213 of AlphabetD/features.fea: C.medi
No substitution specified on line 213 of AlphabetD/features.fea
Reference to a non-existent glyph name on line 214 of AlphabetD/features.fea: D.medi
No substitution specified on line 214 of AlphabetD/features.fea
Reference to a non-existent glyph name on line 215 of AlphabetD/features.fea: E.medi
No substitution specified on line 215 of AlphabetD/features.fea
Reference to a non-existent glyph name on line 216 of AlphabetD/features.fea: Eacute.medi
No substitution specified on line 216 of AlphabetD/features.fea
Reference to a non-existent glyph name on line 217 of AlphabetD/features.fea: Edh.medi
No substitution specified on line 217 of AlphabetD/features.fea
Reference to a non-existent glyph name on line 218 of AlphabetD/features.fea: Eng.medi
No substitution specified on line 218 of AlphabetD/features.fea
Reference to a non-existent glyph name on line 219 of AlphabetD/features.fea: Esh.medi
No substitution specified on line 219 of AlphabetD/features.fea
Reference to a non-existent glyph name on line 220 of AlphabetD/features.fea: F.medi
No substitution specified on line 220 of AlphabetD/features.fea
Reference to a non-existent glyph name on line 221 of AlphabetD/features.fea: G.medi
No substitution specified on line 221 of AlphabetD/features.fea
Reference to a non-existent glyph name on line 222 of AlphabetD/features.fea: H.medi
No substitution specified on line 222 of AlphabetD/features.fea
Reference to a non-existent glyph name on line 223 of AlphabetD/features.fea: I.medi
No substitution specified on line 223 of AlphabetD/features.fea
Reference to a non-existent glyph name on line 224 of AlphabetD/features.fea: Iacute.medi
No substitution specified on line 224 of AlphabetD/features.fea
Reference to a non-existent glyph name on line 225 of AlphabetD/features.fea: J.medi
No substitution specified on line 225 of AlphabetD/features.fea
Reference to a non-existent glyph name on line 226 of AlphabetD/features.fea: K.medi
No substitution specified on line 226 of AlphabetD/features.fea
Reference to a non-existent glyph name on line 227 of AlphabetD/features.fea: L.medi
No substitution specified on line 227 of AlphabetD/features.fea
Reference to a non-existent glyph name on line 228 of AlphabetD/features.fea: M.medi
No substitution specified on line 228 of AlphabetD/features.fea
Reference to a non-existent glyph name on line 229 of AlphabetD/features.fea: N.medi
No substitution specified on line 229 of AlphabetD/features.fea
Reference to a non-existent glyph name on line 230 of AlphabetD/features.fea: O.medi
No substitution specified on line 230 of AlphabetD/features.fea
Reference to a non-existent glyph name on line 231 of AlphabetD/features.fea: Oacute.medi
No substitution specified on line 231 of AlphabetD/features.fea
Reference to a non-existent glyph name on line 232 of AlphabetD/features.fea: P.medi
No substitution specified on line 232 of AlphabetD/features.fea
Reference to a non-existent glyph name on line 233 of AlphabetD/features.fea: R.medi
No substitution specified on line 233 of AlphabetD/features.fea
Reference to a non-existent glyph name on line 234 of AlphabetD/features.fea: S.medi
No substitution specified on line 234 of AlphabetD/features.fea
Reference to a non-existent glyph name on line 235 of AlphabetD/features.fea: T.medi
No substitution specified on line 235 of AlphabetD/features.fea
Reference to a non-existent glyph name on line 236 of AlphabetD/features.fea: Thorn.medi
No substitution specified on line 236 of AlphabetD/features.fea
Reference to a non-existent glyph name on line 237 of AlphabetD/features.fea: U.medi
No substitution specified on line 237 of AlphabetD/features.fea
Reference to a non-existent glyph name on line 238 of AlphabetD/features.fea: Uacute.medi
No substitution specified on line 238 of AlphabetD/features.fea
Reference to a non-existent glyph name on line 239 of AlphabetD/features.fea: Udoubleacute.medi
No substitution specified on line 239 of AlphabetD/features.fea
Reference to a non-existent glyph name on line 240 of AlphabetD/features.fea: V.medi
No substitution specified on line 240 of AlphabetD/features.fea
Reference to a non-existent glyph name on line 241 of AlphabetD/features.fea: W.medi
No substitution specified on line 241 of AlphabetD/features.fea
Reference to a non-existent glyph name on line 242 of AlphabetD/features.fea: Y.medi
No substitution specified on line 242 of AlphabetD/features.fea
Reference to a non-existent glyph name on line 243 of AlphabetD/features.fea: Z.medi
No substitution specified on line 243 of AlphabetD/features.fea
Expected 'calt' in lookup definition on line 244 of AlphabetD/features.fea
Expected ';' at statement end on line 244 of AlphabetD/features.fea
There were errors when parsing the feature file and the features have not been applied
